{
  "RSpec": {
    "coverage": {
      "/Users/austinwoods/Documents/3mod/projects/lunch_and_learn/config/environment.rb": {
        "lines": [
          null,
          1,
          null,
          null,
          1
        ]
      },
      "/Users/austinwoods/Documents/3mod/projects/lunch_and_learn/config/application.rb": {
        "lines": [
          1,
          null,
          1,
          null,
          1,
          1,
          1,
          1,
          1,
          1,
          1,
          1,
          1,
          1,
          null,
          null,
          null,
          null,
          1,
          null,
          1,
          1,
          null,
          1,
          null,
          null,
          null,
          null,
          null,
          null,
          null,
          null,
          null,
          null,
          null,
          null,
          1,
          null,
          null
        ]
      },
      "/Users/austinwoods/Documents/3mod/projects/lunch_and_learn/config/boot.rb": {
        "lines": [
          1,
          null,
          1,
          1
        ]
      },
      "/Users/austinwoods/Documents/3mod/projects/lunch_and_learn/config/environments/test.rb": {
        "lines": [
          1,
          null,
          null,
          null,
          null,
          null,
          null,
          1,
          null,
          null,
          null,
          1,
          null,
          null,
          null,
          null,
          1,
          null,
          null,
          1,
          1,
          null,
          null,
          null,
          null,
          1,
          1,
          1,
          null,
          null,
          1,
          null,
          null,
          1,
          null,
          null,
          1,
          null,
          1,
          null,
          null,
          null,
          null,
          1,
          null,
          null,
          1,
          null,
          null,
          1,
          null,
          null,
          1,
          null,
          null,
          null,
          null,
          null,
          null,
          null
        ]
      },
      "/Users/austinwoods/Documents/3mod/projects/lunch_and_learn/config/initializers/cors.rb": {
        "lines": [
          null,
          null,
          null,
          null,
          null,
          null,
          null,
          null,
          null,
          null,
          null,
          null,
          null,
          null,
          null,
          null
        ]
      },
      "/Users/austinwoods/Documents/3mod/projects/lunch_and_learn/config/initializers/filter_parameter_logging.rb": {
        "lines": [
          null,
          null,
          null,
          null,
          null,
          1,
          null,
          null
        ]
      },
      "/Users/austinwoods/Documents/3mod/projects/lunch_and_learn/config/initializers/inflections.rb": {
        "lines": [
          null,
          null,
          null,
          null,
          null,
          null,
          null,
          null,
          null,
          null,
          null,
          null,
          null,
          null,
          null,
          null
        ]
      },
      "/Users/austinwoods/Documents/3mod/projects/lunch_and_learn/config/routes.rb": {
        "lines": [
          1,
          null,
          null,
          null,
          null,
          null,
          1,
          1,
          1,
          1,
          1,
          1,
          1,
          null,
          null,
          null
        ]
      },
      "/Users/austinwoods/Documents/3mod/projects/lunch_and_learn/spec/facades/edamam_facade_spec.rb": {
        "lines": [
          1,
          null,
          1,
          1,
          1,
          1,
          null,
          1,
          null,
          null,
          1,
          1,
          null,
          1,
          1,
          20,
          null,
          null,
          null,
          null
        ]
      },
      "/Users/austinwoods/Documents/3mod/projects/lunch_and_learn/spec/facades/learning_resources_facade_spec.rb": {
        "lines": [
          1,
          null,
          1,
          1,
          1,
          1,
          null,
          1,
          null,
          null,
          1,
          1,
          null,
          1,
          null,
          null,
          1,
          1,
          null,
          1,
          null,
          null,
          null
        ]
      },
      "/Users/austinwoods/Documents/3mod/projects/lunch_and_learn/spec/models/api_key_spec.rb": {
        "lines": [
          1,
          null,
          1,
          1,
          2,
          null,
          1,
          2,
          null,
          null
        ]
      },
      "/Users/austinwoods/Documents/3mod/projects/lunch_and_learn/app/models/api_key.rb": {
        "lines": [
          1,
          1,
          null,
          1,
          null
        ]
      },
      "/Users/austinwoods/Documents/3mod/projects/lunch_and_learn/app/models/application_record.rb": {
        "lines": [
          1,
          1,
          null
        ]
      },
      "/Users/austinwoods/Documents/3mod/projects/lunch_and_learn/spec/models/favorite_spec.rb": {
        "lines": [
          1,
          null,
          1,
          1,
          2,
          null,
          1,
          2,
          2,
          2,
          null,
          null
        ]
      },
      "/Users/austinwoods/Documents/3mod/projects/lunch_and_learn/app/models/favorite.rb": {
        "lines": [
          1,
          1,
          null,
          1,
          1,
          1,
          null
        ]
      },
      "/Users/austinwoods/Documents/3mod/projects/lunch_and_learn/spec/models/user_spec.rb": {
        "lines": [
          1,
          null,
          1,
          1,
          2,
          2,
          2,
          2,
          null,
          1,
          2,
          2,
          null,
          null
        ]
      },
      "/Users/austinwoods/Documents/3mod/projects/lunch_and_learn/app/models/user.rb": {
        "lines": [
          1,
          1,
          1,
          1,
          1,
          null,
          1,
          1,
          null,
          null
        ]
      },
      "/Users/austinwoods/Documents/3mod/projects/lunch_and_learn/spec/poros/learning_resource_spec.rb": {
        "lines": [
          1,
          null,
          1,
          1,
          1,
          1,
          null,
          null,
          null,
          null,
          null,
          null,
          null,
          null,
          null,
          null,
          null,
          1,
          1,
          1,
          1,
          1,
          null,
          null,
          null
        ]
      },
      "/Users/austinwoods/Documents/3mod/projects/lunch_and_learn/spec/poros/recipe_spec.rb": {
        "lines": [
          1,
          null,
          1,
          1,
          1,
          1,
          null,
          1,
          1,
          1,
          1,
          1,
          null,
          null,
          null
        ]
      },
      "/Users/austinwoods/Documents/3mod/projects/lunch_and_learn/spec/requests/api/v1/favorites/create_spec.rb": {
        "lines": [
          1,
          null,
          1,
          1,
          1,
          1,
          1,
          null,
          1,
          null,
          1,
          null,
          null,
          null,
          null,
          null,
          1,
          1,
          null,
          1,
          1,
          null,
          1,
          1,
          1,
          1,
          null,
          null,
          1,
          null,
          1,
          null,
          null,
          null,
          null,
          1,
          1,
          null,
          1,
          null,
          1,
          null,
          1,
          null,
          1,
          1,
          null,
          null,
          1,
          null,
          null,
          null,
          1,
          1,
          null,
          1,
          null,
          1,
          null,
          null,
          null
        ]
      },
      "/Users/austinwoods/Documents/3mod/projects/lunch_and_learn/spec/requests/api/v1/favorites/index_spec.rb": {
        "lines": [
          1,
          null,
          1,
          1,
          1,
          1,
          1,
          1,
          1,
          null,
          1,
          null,
          1,
          null,
          1,
          1,
          2,
          2,
          2,
          null,
          2,
          2,
          2,
          2,
          null,
          2,
          2,
          2,
          2,
          null,
          null,
          1,
          1,
          null,
          1,
          null,
          1,
          null,
          null,
          null
        ]
      },
      "/Users/austinwoods/Documents/3mod/projects/lunch_and_learn/spec/requests/api/v1/learning_resources/index_spec.rb": {
        "lines": [
          1,
          null,
          1,
          1,
          1,
          1,
          1,
          null,
          1,
          1,
          1,
          1,
          1,
          1,
          1,
          1,
          null,
          1,
          1,
          1,
          1,
          1,
          1,
          1,
          null,
          1,
          1,
          1,
          1,
          1,
          1,
          1,
          1,
          null,
          1,
          1,
          1,
          1,
          1,
          1,
          1,
          null,
          null,
          null,
          null
        ]
      },
      "/Users/austinwoods/Documents/3mod/projects/lunch_and_learn/spec/requests/api/v1/recipes/index_spec.rb": {
        "lines": [
          1,
          null,
          1,
          1,
          1,
          1,
          null,
          1,
          null,
          1,
          null,
          1,
          1,
          20,
          20,
          20,
          20,
          null,
          20,
          20,
          20,
          20,
          null,
          20,
          20,
          20,
          20,
          null,
          20,
          20,
          20,
          20,
          null,
          null,
          null,
          1,
          1,
          1,
          null,
          1,
          null,
          1,
          null,
          1,
          1,
          10,
          10,
          10,
          10,
          null,
          10,
          10,
          10,
          10,
          null,
          10,
          10,
          10,
          10,
          null,
          10,
          10,
          10,
          10,
          null,
          null,
          null,
          1,
          1,
          null,
          null,
          null,
          null
        ]
      },
      "/Users/austinwoods/Documents/3mod/projects/lunch_and_learn/spec/requests/api/v1/sessions/login_spec.rb": {
        "lines": [
          1,
          null,
          1,
          1,
          1,
          1,
          1,
          null,
          1,
          null,
          null,
          1,
          1,
          null,
          1,
          null,
          1,
          1,
          1,
          1,
          1,
          1,
          1,
          1,
          1,
          1,
          null,
          1,
          1,
          1,
          null,
          1,
          null,
          null,
          1,
          1,
          null,
          1,
          null,
          1,
          null,
          null,
          1,
          1,
          1,
          null,
          1,
          null,
          null,
          1,
          1,
          null,
          1,
          null,
          1,
          null,
          null,
          null
        ]
      },
      "/Users/austinwoods/Documents/3mod/projects/lunch_and_learn/spec/requests/api/v1/users/create_spec.rb": {
        "lines": [
          1,
          null,
          1,
          1,
          1,
          1,
          1,
          null,
          1,
          null,
          null,
          null,
          null,
          1,
          1,
          null,
          1,
          1,
          1,
          null,
          1,
          1,
          1,
          1,
          1,
          1,
          1,
          1,
          1,
          1,
          1,
          null,
          1,
          null,
          1,
          null,
          null,
          null,
          null,
          1,
          1,
          null,
          1,
          null,
          1,
          null,
          null,
          null
        ]
      },
      "/Users/austinwoods/Documents/3mod/projects/lunch_and_learn/spec/services/countries_service_spec.rb": {
        "lines": [
          1,
          null,
          1,
          1,
          1,
          1,
          null,
          1,
          1,
          null,
          null,
          null
        ]
      },
      "/Users/austinwoods/Documents/3mod/projects/lunch_and_learn/spec/services/edamam_service_spec.rb": {
        "lines": [
          1,
          null,
          1,
          1,
          1,
          1,
          null,
          1,
          1,
          1,
          20,
          null,
          null,
          null,
          null
        ]
      },
      "/Users/austinwoods/Documents/3mod/projects/lunch_and_learn/spec/services/unsplash_service_spec.rb": {
        "lines": [
          1,
          null,
          1,
          1,
          1,
          1,
          null,
          1,
          1,
          null,
          null,
          null
        ]
      },
      "/Users/austinwoods/Documents/3mod/projects/lunch_and_learn/spec/services/youtube_service_spec.rb": {
        "lines": [
          1,
          null,
          1,
          1,
          1,
          1,
          null,
          1,
          1,
          1,
          1,
          null,
          null,
          null
        ]
      },
      "/Users/austinwoods/Documents/3mod/projects/lunch_and_learn/app/facades/countries_facade.rb": {
        "lines": [
          1,
          1,
          3,
          null,
          null,
          1,
          2,
          2,
          500,
          null,
          null,
          null,
          null
        ]
      },
      "/Users/austinwoods/Documents/3mod/projects/lunch_and_learn/app/services/countries_service.rb": {
        "lines": [
          1,
          1,
          3,
          null,
          null,
          1,
          3,
          3,
          null,
          null,
          1,
          3,
          null,
          null,
          null
        ]
      },
      "/Users/austinwoods/Documents/3mod/projects/lunch_and_learn/app/facades/edamam_facade.rb": {
        "lines": [
          1,
          1,
          4,
          null,
          null,
          1,
          3,
          3,
          50,
          null,
          null,
          null,
          null
        ]
      },
      "/Users/austinwoods/Documents/3mod/projects/lunch_and_learn/app/services/edamam_service.rb": {
        "lines": [
          1,
          1,
          4,
          null,
          null,
          1,
          4,
          4,
          null,
          null,
          1,
          4,
          null,
          null
        ]
      },
      "/Users/austinwoods/Documents/3mod/projects/lunch_and_learn/app/poros/recipe.rb": {
        "lines": [
          1,
          1,
          1,
          51,
          51,
          51,
          51,
          51,
          null,
          null
        ]
      },
      "/Users/austinwoods/Documents/3mod/projects/lunch_and_learn/app/facades/learning_resources_facade.rb": {
        "lines": [
          1,
          1,
          3,
          null,
          null,
          1,
          3,
          null,
          null,
          1,
          2,
          2,
          2,
          null,
          null
        ]
      },
      "/Users/austinwoods/Documents/3mod/projects/lunch_and_learn/app/services/youtube_service.rb": {
        "lines": [
          1,
          1,
          3,
          null,
          null,
          1,
          3,
          3,
          null,
          null,
          1,
          3,
          null,
          null
        ]
      },
      "/Users/austinwoods/Documents/3mod/projects/lunch_and_learn/app/services/unsplash_service.rb": {
        "lines": [
          1,
          1,
          3,
          null,
          null,
          1,
          3,
          3,
          null,
          null,
          1,
          3,
          null,
          null
        ]
      },
      "/Users/austinwoods/Documents/3mod/projects/lunch_and_learn/app/poros/learning_resource.rb": {
        "lines": [
          1,
          1,
          1,
          3,
          3,
          3,
          3,
          3,
          null,
          null,
          1,
          2,
          null,
          2,
          20,
          null,
          null,
          2,
          null,
          null
        ]
      },
      "/Users/austinwoods/Documents/3mod/projects/lunch_and_learn/app/controllers/api/v1/favorites_controller.rb": {
        "lines": [
          1,
          1,
          3,
          2,
          null,
          2,
          1,
          null,
          1,
          null,
          null,
          1,
          null,
          null,
          null,
          1,
          2,
          1,
          1,
          null,
          1,
          null,
          null,
          null,
          1,
          null,
          1,
          0,
          null,
          null
        ]
      },
      "/Users/austinwoods/Documents/3mod/projects/lunch_and_learn/app/controllers/application_controller.rb": {
        "lines": [
          1,
          null
        ]
      },
      "/Users/austinwoods/Documents/3mod/projects/lunch_and_learn/app/serializers/favorites_serializer.rb": {
        "lines": [
          1,
          1,
          1,
          null,
          1,
          null
        ]
      },
      "/Users/austinwoods/Documents/3mod/projects/lunch_and_learn/app/controllers/api/v1/learning_resources_controller.rb": {
        "lines": [
          1,
          1,
          1,
          1,
          null,
          null,
          1,
          null,
          1,
          0,
          null,
          null
        ]
      },
      "/Users/austinwoods/Documents/3mod/projects/lunch_and_learn/app/serializers/learning_resource_serializer.rb": {
        "lines": [
          1,
          1,
          1,
          null,
          1,
          1,
          null,
          null,
          1,
          1,
          null,
          null
        ]
      },
      "/Users/austinwoods/Documents/3mod/projects/lunch_and_learn/app/controllers/api/v1/recipes_controller.rb": {
        "lines": [
          1,
          1,
          2,
          1,
          null,
          1,
          1,
          null,
          2,
          null,
          null,
          1,
          null,
          1,
          0,
          null,
          null
        ]
      },
      "/Users/austinwoods/Documents/3mod/projects/lunch_and_learn/app/serializers/recipe_serializer.rb": {
        "lines": [
          1,
          1,
          1,
          null
        ]
      },
      "/Users/austinwoods/Documents/3mod/projects/lunch_and_learn/app/controllers/api/v1/sessions_controller.rb": {
        "lines": [
          1,
          1,
          3,
          2,
          1,
          null,
          1,
          null,
          null,
          1,
          null,
          null,
          null,
          1,
          null,
          1,
          0,
          null,
          null
        ]
      },
      "/Users/austinwoods/Documents/3mod/projects/lunch_and_learn/app/serializers/user_serializer.rb": {
        "lines": [
          1,
          1,
          1,
          null,
          1,
          2,
          null,
          null
        ]
      },
      "/Users/austinwoods/Documents/3mod/projects/lunch_and_learn/app/controllers/api/v1/users_controller.rb": {
        "lines": [
          1,
          1,
          2,
          2,
          1,
          1,
          null,
          1,
          null,
          null,
          null,
          1,
          null,
          1,
          2,
          null,
          null
        ]
      }
    },
    "timestamp": 1691463126
  }
}
